= Start
@ ./seq:[0x400a7a] + 0x6a9620 0x20000
@ /lib64/libc.so.6:[0x7fd8ad56dbad] + 0x6c9630 0x238
@ /lib64/libc.so.6:[0x7fd8ad56dbad] + 0x6c9870 0x238
@ ./seq:[0x400af3] + 0x7fd8ac4fe010 0x1000000
@ ./seq:[0x402424] + 0x7fd8ab4fd010 0x1000000
@ ./seq:[0x402801] - 0x7fd8ab4fd010
@ ./seq:[0x400d48] + 0x6c9ab0 0x144
@ ./seq:[0x400df8] + 0x6c9c00 0x450
@ ./seq:[0x400e2f] + 0x6ca060 0x40000
@ ./seq:[0x400e3f] + 0x70a070 0x40000
@ ./seq:[0x400e4f] + 0x74a080 0x40000
@ ./seq:[0x400e82] + 0x78a090 0x40000
@ ./seq:[0x400e93] + 0x7ca0a0 0x40000
@ ./seq:[0x400ea4] + 0x80a0b0 0x40000
@ ./seq:[0x400eb5] + 0x84a0c0 0x40000
@ ./seq:[0x400ec4] + 0x88a0d0 0x40000
@ ./seq:[0x400ee2] + 0x8ca0e0 0x8a0000
@ ./seq:[0x4011d5] - 0x6c9ab0
@ ./seq:[0x4011df] - 0x6c9c00
@ ./seq:[0x4011e7] - 0x6ca060
@ ./seq:[0x4011f1] - 0x78a090
@ ./seq:[0x4011fb] - 0x7ca0a0
@ ./seq:[0x401205] - 0x80a0b0
@ ./seq:[0x40120d] - 0x70a070
@ ./seq:[0x401217] - 0x74a080
@ ./seq:[0x40121f] - 0x84a0c0
@ ./seq:[0x401229] - 0x88a0d0
@ ./seq:[0x400b3f] - 0x8ca0e0
@ /lib64/libc.so.6:(fclose+0x177)[0x7fd8ad56d1a7] - 0x6c9630
@ /lib64/libc.so.6:(fclose+0x177)[0x7fd8ad56d1a7] - 0x6c9870
@ ./seq:[0x400b7b] - 0x6a9620
@ ./seq:[0x400b83] - 0x7fd8ac4fe010
= End
